<?xml version="1.0" encoding="UTF-8"?>
<!-- Generated by org.testng.reporters.JUnitXMLReporter -->
<testsuite ignored="0" hostname="DESKTOP-M60IQT5" failures="0" tests="3" name="Default test" time="69.128" errors="0" timestamp="2022-02-04T14:50:47 EST">
  <testcase classname="testclear.Logintest" name="Title" time="0.025"/>
  <testcase classname="testclear.Logintest" name="signup" time="4.167"/>
  <testcase classname="testclear.Logintest" name="Login" time="21.662"/>
</testsuite> <!-- Default test -->
