<?xml version="1.0" encoding="UTF-8"?>
<testng-results ignored="0" total="3" passed="3" failed="0" skipped="0">
  <reporter-output>
  </reporter-output>
  <suite started-at="2022-02-04T15:15:40 EST" name="Demo" finished-at="2022-02-04T15:16:44 EST" duration-ms="64372">
    <groups>
    </groups>
    <test started-at="2022-02-04T15:15:40 EST" name="test" finished-at="2022-02-04T15:16:44 EST" duration-ms="64372">
      <class name="testclear.Logintest">
        <test-method is-config="true" signature="initsetup()[pri:0, instance:testclear.Logintest@59fd97a8]" started-at="2022-02-04T15:15:40 EST" name="initsetup" finished-at="2022-02-04T15:15:53 EST" duration-ms="12583" status="PASS">
          <reporter-output>
          </reporter-output>
        </test-method> <!-- initsetup -->
        <test-method signature="Title()[pri:1, instance:testclear.Logintest@59fd97a8]" started-at="2022-02-04T15:15:53 EST" name="Title" finished-at="2022-02-04T15:15:53 EST" duration-ms="29" status="PASS">
          <reporter-output>
          </reporter-output>
        </test-method> <!-- Title -->
        <test-method is-config="true" signature="close()[pri:0, instance:testclear.Logintest@59fd97a8]" started-at="2022-02-04T15:15:53 EST" name="close" finished-at="2022-02-04T15:15:54 EST" duration-ms="1764" status="PASS">
          <reporter-output>
          </reporter-output>
        </test-method> <!-- close -->
        <test-method is-config="true" signature="initsetup()[pri:0, instance:testclear.Logintest@59fd97a8]" started-at="2022-02-04T15:15:54 EST" name="initsetup" finished-at="2022-02-04T15:16:04 EST" duration-ms="10040" status="PASS">
          <reporter-output>
          </reporter-output>
        </test-method> <!-- initsetup -->
        <test-method signature="signup()[pri:2, instance:testclear.Logintest@59fd97a8]" started-at="2022-02-04T15:16:04 EST" name="signup" finished-at="2022-02-04T15:16:08 EST" duration-ms="3854" status="PASS">
          <reporter-output>
          </reporter-output>
        </test-method> <!-- signup -->
        <test-method is-config="true" signature="close()[pri:0, instance:testclear.Logintest@59fd97a8]" started-at="2022-02-04T15:16:08 EST" name="close" finished-at="2022-02-04T15:16:10 EST" duration-ms="1677" status="PASS">
          <reporter-output>
          </reporter-output>
        </test-method> <!-- close -->
        <test-method is-config="true" signature="initsetup()[pri:0, instance:testclear.Logintest@59fd97a8]" started-at="2022-02-04T15:16:10 EST" name="initsetup" finished-at="2022-02-04T15:16:21 EST" duration-ms="11137" status="PASS">
          <reporter-output>
          </reporter-output>
        </test-method> <!-- initsetup -->
        <test-method signature="Login()[pri:3, instance:testclear.Logintest@59fd97a8]" started-at="2022-02-04T15:16:21 EST" name="Login" finished-at="2022-02-04T15:16:43 EST" duration-ms="21632" status="PASS">
          <reporter-output>
          </reporter-output>
        </test-method> <!-- Login -->
        <test-method is-config="true" signature="close()[pri:0, instance:testclear.Logintest@59fd97a8]" started-at="2022-02-04T15:16:43 EST" name="close" finished-at="2022-02-04T15:16:44 EST" duration-ms="1565" status="PASS">
          <reporter-output>
          </reporter-output>
        </test-method> <!-- close -->
      </class> <!-- testclear.Logintest -->
    </test> <!-- test -->
  </suite> <!-- Demo -->
</testng-results>
